\BOOKMARK [1][-]{section.1}{\376\377\000K\000h\000\341\000i\000\040\000n\000i\036\307\000m\000\040\000m\036\241\000c\000h\000\040\000s\036\321}{}% 1
\BOOKMARK [2][-]{subsection.1.1}{\376\377\000C\036\325\000n\000g\000\040\000l\000u\036\255\000n\000\040\000l\000\375\000\050\000L\000o\000g\000i\000c\000\040\000g\000a\000t\000e\000\051}{section.1}% 2
\BOOKMARK [2][-]{subsection.1.2}{\376\377\000B\036\243\000n\000g\000\040\000c\000h\000\342\000n\000\040\000t\000r\036\313}{section.1}% 3
\BOOKMARK [2][-]{subsection.1.3}{\376\377\000L\001\260\036\343\000c\000\040\001\021\036\323\000\040\000V\000e\000n\000n}{section.1}% 4
\BOOKMARK [2][-]{subsection.1.4}{\376\377\000M\036\331\000t\000\040\000s\036\321\000\040\001\021\036\263\000n\000g\000\040\000t\000h\036\351\000c\000\040\000c\001\241\000\040\000b\036\243\000n}{section.1}% 5
\BOOKMARK [1][-]{section.2}{\376\377\000M\036\241\000c\000h\000\040\000t\036\325\000\040\000h\036\343\000p}{}% 6
\BOOKMARK [2][-]{subsection.2.1}{\376\377\000K\000h\000\341\000i\000\040\000n\000i\036\307\000m}{section.2}% 7
\BOOKMARK [2][-]{subsection.2.2}{\376\377\001\020\036\331\000\040\000t\000r\036\305\000\040\000m\036\241\000c\000h}{section.2}% 8
\BOOKMARK [2][-]{subsection.2.3}{\376\377\000C\000\341\000c\000\040\000b\001\260\036\333\000c\000\040\000t\000h\000i\036\277\000t\000\040\000k\036\277}{section.2}% 9
\BOOKMARK [3][-]{subsubsection.2.3.1}{\376\377\000S\000O\000P\000\040\000-\000\040\000S\000u\000m\000\040\000o\000f\000\040\000P\000r\000o\000d\000u\000c\000t\000s}{subsection.2.3}% 10
\BOOKMARK [3][-]{subsubsection.2.3.2}{\376\377\000P\000O\000S\000\040\000-\000\040\000P\000r\000o\000d\000u\000c\000t\000\040\000o\000f\000\040\000S\000u\000m}{subsection.2.3}% 11
\BOOKMARK [3][-]{subsubsection.2.3.3}{\376\377\001\020\001\241\000n\000\040\000g\000i\036\243\000n\000\040\000h\000\363\000a\000\040\000h\000\340\000m\000\040\000l\000o\000g\000i\000c}{subsection.2.3}% 12
\BOOKMARK [4][-]{paragraph.2.3.3.1}{\376\377\001\020\036\241\000i\000\040\000s\036\321\000\040\000B\000u\000n}{subsubsection.2.3.3}% 13
\BOOKMARK [4][-]{paragraph.2.3.3.2}{\376\377\000B\036\243\000n\000\040\001\021\036\323\000\040\000K\000a\000r\000n\000a\000u\000g\000h}{subsubsection.2.3.3}% 14
\BOOKMARK [4][-]{paragraph.2.3.3.3}{\376\377\001\020\001\241\000n\000\040\000g\000i\036\243\000n\000\040\000h\000\340\000m\000\040\000t\000h\000e\000o\000\040\000d\036\241\000n\000g\000\040\000S\000O\000P}{subsubsection.2.3.3}% 15
\BOOKMARK [4][-]{paragraph.2.3.3.4}{\376\377\001\020\001\241\000n\000\040\000g\000i\036\243\000n\000\040\000h\000\340\000m\000\040\000t\000h\000e\000o\000\040\000d\036\241\000n\000g\000\040\000P\000O\000S}{subsubsection.2.3.3}% 16
\BOOKMARK [2][-]{subsection.2.4}{\376\377\000M\036\331\000t\000\040\000s\036\321\000\040\000b\000\340\000i\000\040\000t\036\255\000p\000\040\000t\000h\000i\036\277\000t\000\040\000k\036\277\000\040\000m\036\241\000c\000h}{section.2}% 17
\BOOKMARK [2][-]{subsection.2.5}{\376\377\000M\036\331\000t\000\040\000s\036\321\000\040\000m\036\241\000c\000h\000\040\000t\036\325\000\040\000h\036\343\000p\000\040\000c\001\241\000\040\000b\036\243\000n}{section.2}% 18
\BOOKMARK [3][-]{subsubsection.2.5.1}{\376\377\000M\036\241\000c\000h\000\040\000t\000o\000\340\000n\000\040\000c\036\331\000n\000g\000\040\000\050\000F\000u\000l\000l\000\040\000a\000d\000d\000e\000r\000\051}{subsection.2.5}% 19
\BOOKMARK [3][-]{subsubsection.2.5.2}{\376\377\000M\036\241\000c\000h\000\040\000g\000i\036\243\000i\000\040\000m\000\343\000\050\000D\000e\000c\000o\000d\000e\000r\000\051}{subsection.2.5}% 20
\BOOKMARK [3][-]{subsubsection.2.5.3}{\376\377\000M\036\241\000c\000h\000\040\000m\000\343\000\040\000h\000\363\000a\000\050\000E\000n\000c\000o\000d\000e\000r\000\051}{subsection.2.5}% 21
